<?xml version="1.0" encoding="UTF-8"?>
<testsuite xmlns:xsi="http://www.w3.org/2001/XMLSchema-instance" xsi:noNamespaceSchemaLocation="https://maven.apache.org/surefire/maven-surefire-plugin/xsd/surefire-test-report.xsd" name="com.home.TestRunner" time="4.634" tests="9" errors="0" skipped="0" failures="0">
  <properties>
    <property name="sun.desktop" value="windows"/>
    <property name="awt.toolkit" value="sun.awt.windows.WToolkit"/>
    <property name="java.specification.version" value="11"/>
    <property name="sun.cpu.isalist" value="amd64"/>
    <property name="sun.jnu.encoding" value="Cp1252"/>
    <property name="java.class.path" value="C:\Users\AatifKh\Desktop\home-test-api\target\test-classes;C:\Users\AatifKh\Desktop\home-test-api\target\classes;C:\Users\AatifKh\.m2\repository\com\intuit\karate\karate-junit5\1.0.0\karate-junit5-1.0.0.jar;C:\Users\AatifKh\.m2\repository\com\intuit\karate\karate-core\1.0.0\karate-core-1.0.0.jar;C:\Users\AatifKh\.m2\repository\org\graalvm\js\js-scriptengine\21.0.0\js-scriptengine-21.0.0.jar;C:\Users\AatifKh\.m2\repository\org\graalvm\sdk\graal-sdk\21.0.0\graal-sdk-21.0.0.jar;C:\Users\AatifKh\.m2\repository\org\graalvm\js\js\21.0.0\js-21.0.0.jar;C:\Users\AatifKh\.m2\repository\org\graalvm\regex\regex\21.0.0\regex-21.0.0.jar;C:\Users\AatifKh\.m2\repository\org\graalvm\truffle\truffle-api\21.0.0\truffle-api-21.0.0.jar;C:\Users\AatifKh\.m2\repository\com\ibm\icu\icu4j\67.1\icu4j-67.1.jar;C:\Users\AatifKh\.m2\repository\ch\qos\logback\logback-classic\1.2.3\logback-classic-1.2.3.jar;C:\Users\AatifKh\.m2\repository\ch\qos\logback\logback-core\1.2.3\logback-core-1.2.3.jar;C:\Users\AatifKh\.m2\repository\org\slf4j\slf4j-api\1.7.25\slf4j-api-1.7.25.jar;C:\Users\AatifKh\.m2\repository\org\slf4j\jcl-over-slf4j\1.7.25\jcl-over-slf4j-1.7.25.jar;C:\Users\AatifKh\.m2\repository\com\jayway\jsonpath\json-path\2.5.0\json-path-2.5.0.jar;C:\Users\AatifKh\.m2\repository\net\minidev\json-smart\2.3\json-smart-2.3.jar;C:\Users\AatifKh\.m2\repository\net\minidev\accessors-smart\1.2\accessors-smart-1.2.jar;C:\Users\AatifKh\.m2\repository\org\ow2\asm\asm\5.0.4\asm-5.0.4.jar;C:\Users\AatifKh\.m2\repository\info\cukes\cucumber-java\1.2.5\cucumber-java-1.2.5.jar;C:\Users\AatifKh\.m2\repository\info\cukes\cucumber-core\1.2.5\cucumber-core-1.2.5.jar;C:\Users\AatifKh\.m2\repository\org\yaml\snakeyaml\1.27\snakeyaml-1.27.jar;C:\Users\AatifKh\.m2\repository\de\siegmar\fastcsv\1.0.4\fastcsv-1.0.4.jar;C:\Users\AatifKh\.m2\repository\info\picocli\picocli\4.5.2\picocli-4.5.2.jar;C:\Users\AatifKh\.m2\repository\org\junit\jupiter\junit-jupiter-api\5.7.0\junit-jupiter-api-5.7.0.jar;C:\Users\AatifKh\.m2\repository\org\apiguardian\apiguardian-api\1.1.0\apiguardian-api-1.1.0.jar;C:\Users\AatifKh\.m2\repository\org\opentest4j\opentest4j\1.2.0\opentest4j-1.2.0.jar;C:\Users\AatifKh\.m2\repository\org\junit\platform\junit-platform-commons\1.7.0\junit-platform-commons-1.7.0.jar;C:\Users\AatifKh\.m2\repository\org\junit\jupiter\junit-jupiter-engine\5.7.0\junit-jupiter-engine-5.7.0.jar;C:\Users\AatifKh\.m2\repository\org\junit\platform\junit-platform-engine\1.7.0\junit-platform-engine-1.7.0.jar;"/>
    <property name="java.vm.vendor" value="Oracle Corporation"/>
    <property name="sun.arch.data.model" value="64"/>
    <property name="user.variant" value=""/>
    <property name="java.vendor.url" value="http://java.oracle.com/"/>
    <property name="user.timezone" value="Asia/Calcutta"/>
    <property name="java.vm.specification.version" value="11"/>
    <property name="os.name" value="Windows 10"/>
    <property name="sun.java.launcher" value="SUN_STANDARD"/>
    <property name="user.country" value="IN"/>
    <property name="sun.boot.library.path" value="C:\Users\AatifKh\Aatif\OpenJDK\jdk-11\bin"/>
    <property name="sun.java.command" value="C:\Users\AatifKh\AppData\Local\Temp\surefire15832689090785872318\surefirebooter13406081441519695957.jar C:\Users\AatifKh\AppData\Local\Temp\surefire15832689090785872318 2025-01-31T19-12-37_928-jvmRun1 surefire4596516127636671tmp surefire_017899653177982615221tmp"/>
    <property name="jdk.debug" value="release"/>
    <property name="surefire.test.class.path" value="C:\Users\AatifKh\Desktop\home-test-api\target\test-classes;C:\Users\AatifKh\Desktop\home-test-api\target\classes;C:\Users\AatifKh\.m2\repository\com\intuit\karate\karate-junit5\1.0.0\karate-junit5-1.0.0.jar;C:\Users\AatifKh\.m2\repository\com\intuit\karate\karate-core\1.0.0\karate-core-1.0.0.jar;C:\Users\AatifKh\.m2\repository\org\graalvm\js\js-scriptengine\21.0.0\js-scriptengine-21.0.0.jar;C:\Users\AatifKh\.m2\repository\org\graalvm\sdk\graal-sdk\21.0.0\graal-sdk-21.0.0.jar;C:\Users\AatifKh\.m2\repository\org\graalvm\js\js\21.0.0\js-21.0.0.jar;C:\Users\AatifKh\.m2\repository\org\graalvm\regex\regex\21.0.0\regex-21.0.0.jar;C:\Users\AatifKh\.m2\repository\org\graalvm\truffle\truffle-api\21.0.0\truffle-api-21.0.0.jar;C:\Users\AatifKh\.m2\repository\com\ibm\icu\icu4j\67.1\icu4j-67.1.jar;C:\Users\AatifKh\.m2\repository\ch\qos\logback\logback-classic\1.2.3\logback-classic-1.2.3.jar;C:\Users\AatifKh\.m2\repository\ch\qos\logback\logback-core\1.2.3\logback-core-1.2.3.jar;C:\Users\AatifKh\.m2\repository\org\slf4j\slf4j-api\1.7.25\slf4j-api-1.7.25.jar;C:\Users\AatifKh\.m2\repository\org\slf4j\jcl-over-slf4j\1.7.25\jcl-over-slf4j-1.7.25.jar;C:\Users\AatifKh\.m2\repository\com\jayway\jsonpath\json-path\2.5.0\json-path-2.5.0.jar;C:\Users\AatifKh\.m2\repository\net\minidev\json-smart\2.3\json-smart-2.3.jar;C:\Users\AatifKh\.m2\repository\net\minidev\accessors-smart\1.2\accessors-smart-1.2.jar;C:\Users\AatifKh\.m2\repository\org\ow2\asm\asm\5.0.4\asm-5.0.4.jar;C:\Users\AatifKh\.m2\repository\info\cukes\cucumber-java\1.2.5\cucumber-java-1.2.5.jar;C:\Users\AatifKh\.m2\repository\info\cukes\cucumber-core\1.2.5\cucumber-core-1.2.5.jar;C:\Users\AatifKh\.m2\repository\org\yaml\snakeyaml\1.27\snakeyaml-1.27.jar;C:\Users\AatifKh\.m2\repository\de\siegmar\fastcsv\1.0.4\fastcsv-1.0.4.jar;C:\Users\AatifKh\.m2\repository\info\picocli\picocli\4.5.2\picocli-4.5.2.jar;C:\Users\AatifKh\.m2\repository\org\junit\jupiter\junit-jupiter-api\5.7.0\junit-jupiter-api-5.7.0.jar;C:\Users\AatifKh\.m2\repository\org\apiguardian\apiguardian-api\1.1.0\apiguardian-api-1.1.0.jar;C:\Users\AatifKh\.m2\repository\org\opentest4j\opentest4j\1.2.0\opentest4j-1.2.0.jar;C:\Users\AatifKh\.m2\repository\org\junit\platform\junit-platform-commons\1.7.0\junit-platform-commons-1.7.0.jar;C:\Users\AatifKh\.m2\repository\org\junit\jupiter\junit-jupiter-engine\5.7.0\junit-jupiter-engine-5.7.0.jar;C:\Users\AatifKh\.m2\repository\org\junit\platform\junit-platform-engine\1.7.0\junit-platform-engine-1.7.0.jar;"/>
    <property name="sun.cpu.endian" value="little"/>
    <property name="user.home" value="C:\Users\AatifKh"/>
    <property name="user.language" value="en"/>
    <property name="java.specification.vendor" value="Oracle Corporation"/>
    <property name="java.version.date" value="2018-09-25"/>
    <property name="java.home" value="C:\Users\AatifKh\Aatif\OpenJDK\jdk-11"/>
    <property name="file.separator" value="\"/>
    <property name="basedir" value="C:\Users\AatifKh\Desktop\home-test-api"/>
    <property name="java.vm.compressedOopsMode" value="Zero based"/>
    <property name="line.separator" value="&#10;"/>
    <property name="java.specification.name" value="Java Platform API Specification"/>
    <property name="java.vm.specification.vendor" value="Oracle Corporation"/>
    <property name="java.awt.graphicsenv" value="sun.awt.Win32GraphicsEnvironment"/>
    <property name="surefire.real.class.path" value="C:\Users\AatifKh\AppData\Local\Temp\surefire15832689090785872318\surefirebooter13406081441519695957.jar"/>
    <property name="user.script" value=""/>
    <property name="sun.management.compiler" value="HotSpot 64-Bit Tiered Compilers"/>
    <property name="java.runtime.version" value="11+28"/>
    <property name="user.name" value="AatifKh"/>
    <property name="path.separator" value=";"/>
    <property name="os.version" value="10.0"/>
    <property name="java.runtime.name" value="OpenJDK Runtime Environment"/>
    <property name="file.encoding" value="UTF-8"/>
    <property name="java.vm.name" value="OpenJDK 64-Bit Server VM"/>
    <property name="java.vendor.version" value="18.9"/>
    <property name="localRepository" value="C:\Users\AatifKh\.m2\repository"/>
    <property name="java.vendor.url.bug" value="http://bugreport.java.com/bugreport/"/>
    <property name="java.io.tmpdir" value="C:\Users\AatifKh\AppData\Local\Temp\"/>
    <property name="java.version" value="11"/>
    <property name="user.dir" value="C:\Users\AatifKh\Desktop\home-test-api"/>
    <property name="os.arch" value="amd64"/>
    <property name="java.vm.specification.name" value="Java Virtual Machine Specification"/>
    <property name="java.awt.printerjob" value="sun.awt.windows.WPrinterJob"/>
    <property name="sun.os.patch.level" value=""/>
    <property name="java.library.path" value="C:\Users\AatifKh\Aatif\OpenJDK\jdk-11\bin;C:\WINDOWS\Sun\Java\bin;C:\WINDOWS\system32;C:\WINDOWS;C:\WINDOWS\system32;C:\WINDOWS;C:\WINDOWS\System32\Wbem;C:\WINDOWS\System32\WindowsPowerShell\v1.0\;C:\WINDOWS\System32\OpenSSH\;C:\Users\AatifKh\Aatif\OpenJDK\jdk-11\bin;C:\Program Files\nodejs\;C:\Users\AatifKh\Aatif\Maven\bin;C:\Program Files\nodejs\;C:\Program Files\nodejs\node_modules\npm\bin;C:\Users\AatifKh\AppData\Local\Android\Sdk;C:\Users\AatifKh\AppData\Local\Android\Sdk\platform-tools;C:\Users\AatifKh\AppData\Local\Android\Sdk\tools;C:\Users\AatifKh\AppData\Local\Android\Sdk\tools\bin;C:\Program Files\Git\cmd;;C:\Program Files\Docker\Docker\resources\bin;C:\Users\AatifKh\AppData\Local\Microsoft\WindowsApps;;C:\Program Files\JetBrains\IntelliJ IDEA Community Edition 2024.3.1.1\bin;;C:\Users\AatifKh\AppData\Local\Programs\Microsoft VS Code\bin;C:\Users\AatifKh\AppData\Roaming\npm;."/>
    <property name="java.vendor" value="Oracle Corporation"/>
    <property name="java.vm.info" value="mixed mode"/>
    <property name="java.vm.version" value="11+28"/>
    <property name="sun.io.unicode.encoding" value="UnicodeLittle"/>
    <property name="java.class.version" value="55.0"/>
  </properties>
  <testcase name="testAll[1][1]" classname="com.home.TestRunner" time="2.5"/>
  <testcase name="testAll[2][1]" classname="com.home.TestRunner" time="0.277"/>
  <testcase name="testAll[3][1]" classname="com.home.TestRunner" time="0.164"/>
  <testcase name="testAll[4][1]" classname="com.home.TestRunner" time="0.216"/>
  <testcase name="testAll[5][1]" classname="com.home.TestRunner" time="0.13"/>
  <testcase name="testAll[6][1]" classname="com.home.TestRunner" time="0.025"/>
  <testcase name="testAll[6][2]" classname="com.home.TestRunner" time="0.132"/>
  <testcase name="testAll[7][1]" classname="com.home.TestRunner" time="0.207"/>
  <testcase name="testAll[8][1]" classname="com.home.TestRunner" time="0.437"/>
</testsuite>